<!doctype html>
<html lang="">
<head>
    <meta charset="UTF-8">
    <meta name="viewport"
          content="width=device-width, user-scalable=no, initial-scale=1.0, maximum-scale=1.0, minimum-scale=1.0">
    <meta http-equiv="X-UA-Compatible" content="ie=edge">
    <title>Test Results Report - Division Test</title>

    <link href="reportng.css" rel="stylesheet" type="text/css"/>
</head>
<body>
<div id="meta">
Generated by <a href="http://www.testng.org" target="_blank">TestNG</a> with <a href="https://github.com/testng-team/reportng" target="_blank">ReportNG</a>
at 12:22 IDT on Tuesday 03 October 2023
    <br/><span
    id="systemInfo">BO@Amjad&nbsp;/&nbsp;Java 20.0.1 (Oracle Corporation)&nbsp;/&nbsp;Windows 10 10.0 (amd64)</span>
</div>
<h1>Division Test</h1>

<p>
    <a href="index.html">Suites</a>
        &#183; <a href="output.html">Log Output</a>
</p>

<p>Test duration
    : 0.064s</p>


    <table class="resultsTable">
        <tr>
            <th colspan="3" class="header failed">Failed Tests</th>
        </tr>
            <tr>
                <td class="group" colspan="3">exampleTest</td>
            </tr>
    <tr>
        <td class="method">
                testDivision
        </td>
        <td class="duration">
            0.001s
        </td>
        <td class="result">
            <!-- Display the dependencies for skipped test methods -->

                <i>Method arguments: </i>
                <span class="arguments">
                    0.0, -2.0, 10.0
                </span>
                <br/>

            <!-- Show logger output for the test -->

                <a href="javascript:toggleElement('exception-0', 'block')"
                   title="Click to expand/collapse">
                    <b>java.lang.AssertionError: expected [10.0] but found [-0.0]</b>
                </a>
                <br/>
                <div class="stackTrace" id="exception-0">
                        org.testng.Assert.fail(Assert.java:110)<br/>
                        org.testng.Assert.failNotEquals(Assert.java:1577)<br/>
                        org.testng.Assert.assertEquals(Assert.java:866)<br/>
                        org.testng.Assert.assertEquals(Assert.java:913)<br/>
                        exampleTest.testDivision(exampleTest.java:30)<br/>
                        java.base/jdk.internal.reflect.DirectMethodHandleAccessor.invoke(DirectMethodHandleAccessor.java:104)<br/>
                        java.base/java.lang.reflect.Method.invoke(Method.java:578)<br/>
                        org.testng.internal.invokers.MethodInvocationHelper.invokeMethod(MethodInvocationHelper.java:139)<br/>
                        org.testng.internal.invokers.TestInvoker.invokeMethod(TestInvoker.java:677)<br/>
                        org.testng.internal.invokers.TestInvoker.invokeTestMethod(TestInvoker.java:221)<br/>
                        org.testng.internal.invokers.MethodRunner.runInSequence(MethodRunner.java:50)<br/>
                        org.testng.internal.invokers.TestInvoker$MethodInvocationAgent.invoke(TestInvoker.java:969)<br/>
                        org.testng.internal.invokers.TestInvoker.invokeTestMethods(TestInvoker.java:194)<br/>
                        org.testng.internal.invokers.TestMethodWorker.invokeTestMethods(TestMethodWorker.java:148)<br/>
                        org.testng.internal.invokers.TestMethodWorker.run(TestMethodWorker.java:128)<br/>
                        java.base/java.util.ArrayList.forEach(ArrayList.java:1511)<br/>
                        org.testng.TestRunner.privateRun(TestRunner.java:829)<br/>
                        org.testng.TestRunner.run(TestRunner.java:602)<br/>
                        org.testng.SuiteRunner.runTest(SuiteRunner.java:437)<br/>
                        org.testng.SuiteRunner$SuiteWorker.run(SuiteRunner.java:475)<br/>
                        org.testng.internal.thread.ThreadUtil.lambda$execute$0(ThreadUtil.java:58)<br/>
                        java.base/java.util.concurrent.FutureTask.run(FutureTask.java:317)<br/>
                        java.base/java.util.concurrent.ThreadPoolExecutor.runWorker(ThreadPoolExecutor.java:1144)<br/>
                        java.base/java.util.concurrent.ThreadPoolExecutor$Worker.run(ThreadPoolExecutor.java:642)<br/>
                        java.base/java.lang.Thread.run(Thread.java:1623)<br/>
                </div>
        </td>
    </tr>
    <tr>
        <td class="method">
                testDivision
        </td>
        <td class="duration">
            0.023s
        </td>
        <td class="result">
            <!-- Display the dependencies for skipped test methods -->

                <i>Method arguments: </i>
                <span class="arguments">
                    0.0, 2.0, 10.0
                </span>
                <br/>

            <!-- Show logger output for the test -->

                <a href="javascript:toggleElement('exception-1', 'block')"
                   title="Click to expand/collapse">
                    <b>java.lang.AssertionError: expected [10.0] but found [0.0]</b>
                </a>
                <br/>
                <div class="stackTrace" id="exception-1">
                        org.testng.Assert.fail(Assert.java:110)<br/>
                        org.testng.Assert.failNotEquals(Assert.java:1577)<br/>
                        org.testng.Assert.assertEquals(Assert.java:866)<br/>
                        org.testng.Assert.assertEquals(Assert.java:913)<br/>
                        exampleTest.testDivision(exampleTest.java:30)<br/>
                        java.base/jdk.internal.reflect.DirectMethodHandleAccessor.invoke(DirectMethodHandleAccessor.java:104)<br/>
                        java.base/java.lang.reflect.Method.invoke(Method.java:578)<br/>
                        org.testng.internal.invokers.MethodInvocationHelper.invokeMethod(MethodInvocationHelper.java:139)<br/>
                        org.testng.internal.invokers.TestInvoker.invokeMethod(TestInvoker.java:677)<br/>
                        org.testng.internal.invokers.TestInvoker.invokeTestMethod(TestInvoker.java:221)<br/>
                        org.testng.internal.invokers.MethodRunner.runInSequence(MethodRunner.java:50)<br/>
                        org.testng.internal.invokers.TestInvoker$MethodInvocationAgent.invoke(TestInvoker.java:969)<br/>
                        org.testng.internal.invokers.TestInvoker.invokeTestMethods(TestInvoker.java:194)<br/>
                        org.testng.internal.invokers.TestMethodWorker.invokeTestMethods(TestMethodWorker.java:148)<br/>
                        org.testng.internal.invokers.TestMethodWorker.run(TestMethodWorker.java:128)<br/>
                        java.base/java.util.ArrayList.forEach(ArrayList.java:1511)<br/>
                        org.testng.TestRunner.privateRun(TestRunner.java:829)<br/>
                        org.testng.TestRunner.run(TestRunner.java:602)<br/>
                        org.testng.SuiteRunner.runTest(SuiteRunner.java:437)<br/>
                        org.testng.SuiteRunner$SuiteWorker.run(SuiteRunner.java:475)<br/>
                        org.testng.internal.thread.ThreadUtil.lambda$execute$0(ThreadUtil.java:58)<br/>
                        java.base/java.util.concurrent.FutureTask.run(FutureTask.java:317)<br/>
                        java.base/java.util.concurrent.ThreadPoolExecutor.runWorker(ThreadPoolExecutor.java:1144)<br/>
                        java.base/java.util.concurrent.ThreadPoolExecutor$Worker.run(ThreadPoolExecutor.java:642)<br/>
                        java.base/java.lang.Thread.run(Thread.java:1623)<br/>
                </div>
        </td>
    </tr>
    </table>


    <table class="resultsTable" width="100%">
        <tr>
            <th colspan="3" class="header passed">Passed Tests</th>
        </tr>
            <tr>
                <td class="group" colspan="3">exampleTest</td>
            </tr>
    <tr>
        <td class="method">
                testDivision
        </td>
        <td class="duration">
            0.001s
        </td>
        <td class="result">
            <!-- Display the dependencies for skipped test methods -->

                <i>Method arguments: </i>
                <span class="arguments">
                    10.0, -2.0, -5.0
                </span>
                <br/>

            <!-- Show logger output for the test -->

        </td>
    </tr>
    <tr>
        <td class="method">
                testDivision
        </td>
        <td class="duration">
            0.002s
        </td>
        <td class="result">
            <!-- Display the dependencies for skipped test methods -->

                <i>Method arguments: </i>
                <span class="arguments">
                    -10.0, 2.0, -5.0
                </span>
                <br/>

            <!-- Show logger output for the test -->

        </td>
    </tr>
    <tr>
        <td class="method">
                testDivision
        </td>
        <td class="duration">
            0.001s
        </td>
        <td class="result">
            <!-- Display the dependencies for skipped test methods -->

                <i>Method arguments: </i>
                <span class="arguments">
                    -10.0, -2.0, 5.0
                </span>
                <br/>

            <!-- Show logger output for the test -->

        </td>
    </tr>
    <tr>
        <td class="method">
                testDivision
        </td>
        <td class="duration">
            0.031s
        </td>
        <td class="result">
            <!-- Display the dependencies for skipped test methods -->

                <i>Method arguments: </i>
                <span class="arguments">
                    10.0, 2.0, 5.0
                </span>
                <br/>

            <!-- Show logger output for the test -->

        </td>
    </tr>
    <tr>
        <td class="method">
                testInvalidDivision
        </td>
        <td class="duration">
            0.005s
        </td>
        <td class="result">
            <!-- Display the dependencies for skipped test methods -->

                <i>Method arguments: </i>
                <span class="arguments">
                    10.0, 0.0
                </span>
                <br/>

            <!-- Show logger output for the test -->

        </td>
    </tr>
    </table>

<script type="text/javascript" src="reportng.js"></script>
</body>
